1729155868.148088 client started (5190): version 3.4, socket /private/tmp/tmux-501/default, protocol 8
1729155868.148234 on Darwin 23.6.0 Darwin Kernel Version 23.6.0: Mon Jul 29 21:14:30 PDT 2024; root:xnu-10063.141.2~1/RELEASE_ARM64_T6000
1729155868.148256 using libevent 2.1.12-stable select
1729155868.148883 using utf8proc 2.9.0
1729155868.148928 using ncurses 6.4 20221231
1729155868.148963 flags are 0x18010000
1729155868.148973 socket is /private/tmp/tmux-501/default
1729155868.148999 trying connect
1729155868.149084 add peer 0x138008000: 6 (0x0)
1729155868.154522 sending message 100 to peer 0x138008000 (4 bytes)
1729155868.154538 sending message 111 to peer 0x138008000 (8 bytes)
1729155868.154544 sending message 101 to peer 0x138008000 (15 bytes)
1729155868.154549 sending message 109 to peer 0x138008000 (4 bytes)
1729155868.154555 sending message 102 to peer 0x138008000 (13 bytes)
1729155868.154560 sending message 108 to peer 0x138008000 (61 bytes)
1729155868.154565 sending message 112 to peer 0x138008000 (58 bytes)
1729155868.154570 sending message 112 to peer 0x138008000 (5 bytes)
1729155868.154575 sending message 112 to peer 0x138008000 (5 bytes)
1729155868.154580 sending message 112 to peer 0x138008000 (6 bytes)
1729155868.154585 sending message 112 to peer 0x138008000 (6 bytes)
1729155868.154589 sending message 112 to peer 0x138008000 (11 bytes)
1729155868.154594 sending message 112 to peer 0x138008000 (10 bytes)
1729155868.154599 sending message 112 to peer 0x138008000 (13 bytes)
1729155868.154604 sending message 112 to peer 0x138008000 (14 bytes)
1729155868.154609 sending message 112 to peer 0x138008000 (19 bytes)
1729155868.154614 sending message 112 to peer 0x138008000 (11 bytes)
1729155868.154619 sending message 112 to peer 0x138008000 (10 bytes)
1729155868.154624 sending message 112 to peer 0x138008000 (15 bytes)
1729155868.154628 sending message 112 to peer 0x138008000 (21 bytes)
1729155868.154633 sending message 112 to peer 0x138008000 (13 bytes)
1729155868.154638 sending message 112 to peer 0x138008000 (7 bytes)
1729155868.154643 sending message 112 to peer 0x138008000 (13 bytes)
1729155868.154648 sending message 112 to peer 0x138008000 (7 bytes)
1729155868.154652 sending message 112 to peer 0x138008000 (13 bytes)
1729155868.154657 sending message 112 to peer 0x138008000 (9 bytes)
1729155868.154662 sending message 112 to peer 0x138008000 (21 bytes)
1729155868.154667 sending message 112 to peer 0x138008000 (13 bytes)
1729155868.154671 sending message 112 to peer 0x138008000 (9 bytes)
1729155868.154676 sending message 112 to peer 0x138008000 (16 bytes)
1729155868.154681 sending message 112 to peer 0x138008000 (13 bytes)
1729155868.154686 sending message 112 to peer 0x138008000 (9 bytes)
1729155868.154691 sending message 112 to peer 0x138008000 (9 bytes)
1729155868.154695 sending message 112 to peer 0x138008000 (12 bytes)
1729155868.154700 sending message 112 to peer 0x138008000 (8 bytes)
1729155868.154705 sending message 112 to peer 0x138008000 (8 bytes)
1729155868.154710 sending message 112 to peer 0x138008000 (13 bytes)
1729155868.154715 sending message 112 to peer 0x138008000 (7 bytes)
1729155868.154719 sending message 112 to peer 0x138008000 (7 bytes)
1729155868.154724 sending message 112 to peer 0x138008000 (9 bytes)
1729155868.154729 sending message 112 to peer 0x138008000 (9 bytes)
1729155868.154734 sending message 112 to peer 0x138008000 (15 bytes)
1729155868.154739 sending message 112 to peer 0x138008000 (13 bytes)
1729155868.154743 sending message 112 to peer 0x138008000 (12 bytes)
1729155868.154748 sending message 112 to peer 0x138008000 (8 bytes)
1729155868.154753 sending message 112 to peer 0x138008000 (14 bytes)
1729155868.154758 sending message 112 to peer 0x138008000 (11 bytes)
1729155868.154763 sending message 112 to peer 0x138008000 (9 bytes)
1729155868.154767 sending message 112 to peer 0x138008000 (10 bytes)
1729155868.154772 sending message 112 to peer 0x138008000 (10 bytes)
1729155868.154777 sending message 112 to peer 0x138008000 (10 bytes)
1729155868.154782 sending message 112 to peer 0x138008000 (10 bytes)
1729155868.154803 sending message 112 to peer 0x138008000 (11 bytes)
1729155868.154806 sending message 112 to peer 0x138008000 (12 bytes)
1729155868.154810 sending message 112 to peer 0x138008000 (12 bytes)
1729155868.154813 sending message 112 to peer 0x138008000 (12 bytes)
1729155868.154817 sending message 112 to peer 0x138008000 (12 bytes)
1729155868.154820 sending message 112 to peer 0x138008000 (12 bytes)
1729155868.154823 sending message 112 to peer 0x138008000 (11 bytes)
1729155868.154827 sending message 112 to peer 0x138008000 (11 bytes)
1729155868.154830 sending message 112 to peer 0x138008000 (12 bytes)
1729155868.154833 sending message 112 to peer 0x138008000 (12 bytes)
1729155868.154837 sending message 112 to peer 0x138008000 (12 bytes)
1729155868.154840 sending message 112 to peer 0x138008000 (12 bytes)
1729155868.154843 sending message 112 to peer 0x138008000 (12 bytes)
1729155868.154847 sending message 112 to peer 0x138008000 (9 bytes)
1729155868.154850 sending message 112 to peer 0x138008000 (12 bytes)
1729155868.154853 sending message 112 to peer 0x138008000 (13 bytes)
1729155868.154856 sending message 112 to peer 0x138008000 (13 bytes)
1729155868.154860 sending message 112 to peer 0x138008000 (13 bytes)
1729155868.154863 sending message 112 to peer 0x138008000 (13 bytes)
1729155868.154866 sending message 112 to peer 0x138008000 (13 bytes)
1729155868.154870 sending message 112 to peer 0x138008000 (8 bytes)
1729155868.154873 sending message 112 to peer 0x138008000 (11 bytes)
1729155868.154876 sending message 112 to peer 0x138008000 (11 bytes)
1729155868.154880 sending message 112 to peer 0x138008000 (11 bytes)
1729155868.154883 sending message 112 to peer 0x138008000 (12 bytes)
1729155868.154886 sending message 112 to peer 0x138008000 (12 bytes)
1729155868.154890 sending message 112 to peer 0x138008000 (12 bytes)
1729155868.154893 sending message 112 to peer 0x138008000 (12 bytes)
1729155868.154896 sending message 112 to peer 0x138008000 (13 bytes)
1729155868.154899 sending message 112 to peer 0x138008000 (13 bytes)
1729155868.154903 sending message 112 to peer 0x138008000 (13 bytes)
1729155868.154906 sending message 112 to peer 0x138008000 (8 bytes)
1729155868.154909 sending message 112 to peer 0x138008000 (13 bytes)
1729155868.154913 sending message 112 to peer 0x138008000 (13 bytes)
1729155868.154916 sending message 112 to peer 0x138008000 (13 bytes)
1729155868.154919 sending message 112 to peer 0x138008000 (13 bytes)
1729155868.154923 sending message 112 to peer 0x138008000 (13 bytes)
1729155868.154926 sending message 112 to peer 0x138008000 (12 bytes)
1729155868.154929 sending message 112 to peer 0x138008000 (12 bytes)
1729155868.154933 sending message 112 to peer 0x138008000 (12 bytes)
1729155868.154936 sending message 112 to peer 0x138008000 (12 bytes)
1729155868.154939 sending message 112 to peer 0x138008000 (13 bytes)
1729155868.154943 sending message 112 to peer 0x138008000 (8 bytes)
1729155868.154946 sending message 112 to peer 0x138008000 (13 bytes)
1729155868.154949 sending message 112 to peer 0x138008000 (13 bytes)
1729155868.154953 sending message 112 to peer 0x138008000 (13 bytes)
1729155868.154956 sending message 112 to peer 0x138008000 (13 bytes)
1729155868.154959 sending message 112 to peer 0x138008000 (13 bytes)
1729155868.154963 sending message 112 to peer 0x138008000 (13 bytes)
1729155868.154966 sending message 112 to peer 0x138008000 (13 bytes)
1729155868.154969 sending message 112 to peer 0x138008000 (12 bytes)
1729155868.154973 sending message 112 to peer 0x138008000 (12 bytes)
1729155868.154976 sending message 112 to peer 0x138008000 (12 bytes)
1729155868.154979 sending message 112 to peer 0x138008000 (8 bytes)
1729155868.154983 sending message 112 to peer 0x138008000 (12 bytes)
1729155868.154986 sending message 112 to peer 0x138008000 (13 bytes)
1729155868.154989 sending message 112 to peer 0x138008000 (13 bytes)
1729155868.154992 sending message 112 to peer 0x138008000 (13 bytes)
1729155868.154996 sending message 112 to peer 0x138008000 (13 bytes)
1729155868.154999 sending message 112 to peer 0x138008000 (13 bytes)
1729155868.155010 sending message 112 to peer 0x138008000 (13 bytes)
1729155868.155013 sending message 112 to peer 0x138008000 (13 bytes)
1729155868.155017 sending message 112 to peer 0x138008000 (13 bytes)
1729155868.155020 sending message 112 to peer 0x138008000 (12 bytes)
1729155868.155024 sending message 112 to peer 0x138008000 (10 bytes)
1729155868.155027 sending message 112 to peer 0x138008000 (12 bytes)
1729155868.155030 sending message 112 to peer 0x138008000 (12 bytes)
1729155868.155034 sending message 112 to peer 0x138008000 (12 bytes)
1729155868.155037 sending message 112 to peer 0x138008000 (13 bytes)
1729155868.155041 sending message 112 to peer 0x138008000 (13 bytes)
1729155868.155044 sending message 112 to peer 0x138008000 (13 bytes)
1729155868.155047 sending message 112 to peer 0x138008000 (13 bytes)
1729155868.155051 sending message 112 to peer 0x138008000 (13 bytes)
1729155868.155054 sending message 112 to peer 0x138008000 (13 bytes)
1729155868.155057 sending message 112 to peer 0x138008000 (13 bytes)
1729155868.155060 sending message 112 to peer 0x138008000 (10 bytes)
1729155868.155064 sending message 112 to peer 0x138008000 (13 bytes)
1729155868.155067 sending message 112 to peer 0x138008000 (12 bytes)
1729155868.155070 sending message 112 to peer 0x138008000 (12 bytes)
1729155868.155074 sending message 112 to peer 0x138008000 (12 bytes)
1729155868.155077 sending message 112 to peer 0x138008000 (10 bytes)
1729155868.155080 sending message 112 to peer 0x138008000 (10 bytes)
1729155868.155084 sending message 112 to peer 0x138008000 (10 bytes)
1729155868.155087 sending message 112 to peer 0x138008000 (12 bytes)
1729155868.155090 sending message 112 to peer 0x138008000 (13 bytes)
1729155868.155093 sending message 112 to peer 0x138008000 (13 bytes)
1729155868.155097 sending message 112 to peer 0x138008000 (13 bytes)
1729155868.155100 sending message 112 to peer 0x138008000 (13 bytes)
1729155868.155103 sending message 112 to peer 0x138008000 (13 bytes)
1729155868.155107 sending message 112 to peer 0x138008000 (10 bytes)
1729155868.155110 sending message 112 to peer 0x138008000 (11 bytes)
1729155868.155115 sending message 112 to peer 0x138008000 (12 bytes)
1729155868.155120 sending message 112 to peer 0x138008000 (12 bytes)
1729155868.155124 sending message 112 to peer 0x138008000 (12 bytes)
1729155868.155128 sending message 112 to peer 0x138008000 (12 bytes)
1729155868.155133 sending message 112 to peer 0x138008000 (12 bytes)
1729155868.155139 sending message 112 to peer 0x138008000 (11 bytes)
1729155868.155143 sending message 112 to peer 0x138008000 (12 bytes)
1729155868.155147 sending message 112 to peer 0x138008000 (12 bytes)
1729155868.155151 sending message 112 to peer 0x138008000 (13 bytes)
1729155868.155154 sending message 112 to peer 0x138008000 (13 bytes)
1729155868.155158 sending message 112 to peer 0x138008000 (13 bytes)
1729155868.155161 sending message 112 to peer 0x138008000 (13 bytes)
1729155868.155166 sending message 112 to peer 0x138008000 (13 bytes)
1729155868.155171 sending message 112 to peer 0x138008000 (10 bytes)
1729155868.155175 sending message 112 to peer 0x138008000 (9 bytes)
1729155868.155180 sending message 112 to peer 0x138008000 (12 bytes)
1729155868.155186 sending message 112 to peer 0x138008000 (13 bytes)
1729155868.155191 sending message 112 to peer 0x138008000 (13 bytes)
1729155868.155195 sending message 112 to peer 0x138008000 (13 bytes)
1729155868.155199 sending message 112 to peer 0x138008000 (13 bytes)
1729155868.155202 sending message 112 to peer 0x138008000 (13 bytes)
1729155868.155206 sending message 112 to peer 0x138008000 (9 bytes)
1729155868.155209 sending message 112 to peer 0x138008000 (12 bytes)
1729155868.155213 sending message 112 to peer 0x138008000 (13 bytes)
1729155868.155216 sending message 112 to peer 0x138008000 (13 bytes)
1729155868.155219 sending message 112 to peer 0x138008000 (13 bytes)
1729155868.155222 sending message 112 to peer 0x138008000 (13 bytes)
1729155868.155226 sending message 112 to peer 0x138008000 (13 bytes)
1729155868.155238 sending message 112 to peer 0x138008000 (11 bytes)
1729155868.155241 sending message 112 to peer 0x138008000 (12 bytes)
1729155868.155244 sending message 112 to peer 0x138008000 (13 bytes)
1729155868.155248 sending message 112 to peer 0x138008000 (13 bytes)
1729155868.155251 sending message 112 to peer 0x138008000 (13 bytes)
1729155868.155254 sending message 112 to peer 0x138008000 (13 bytes)
1729155868.155258 sending message 112 to peer 0x138008000 (13 bytes)
1729155868.155261 sending message 112 to peer 0x138008000 (11 bytes)
1729155868.155264 sending message 112 to peer 0x138008000 (12 bytes)
1729155868.155268 sending message 112 to peer 0x138008000 (12 bytes)
1729155868.155271 sending message 112 to peer 0x138008000 (12 bytes)
1729155868.155274 sending message 112 to peer 0x138008000 (12 bytes)
1729155868.155277 sending message 112 to peer 0x138008000 (12 bytes)
1729155868.155281 sending message 112 to peer 0x138008000 (21 bytes)
1729155868.155284 sending message 112 to peer 0x138008000 (12 bytes)
1729155868.155287 sending message 112 to peer 0x138008000 (9 bytes)
1729155868.155291 sending message 112 to peer 0x138008000 (6 bytes)
1729155868.155294 sending message 112 to peer 0x138008000 (13 bytes)
1729155868.155297 sending message 112 to peer 0x138008000 (10 bytes)
1729155868.155301 sending message 112 to peer 0x138008000 (24 bytes)
1729155868.155304 sending message 112 to peer 0x138008000 (13 bytes)
1729155868.155307 sending message 112 to peer 0x138008000 (9 bytes)
1729155868.155311 sending message 112 to peer 0x138008000 (70 bytes)
1729155868.155314 sending message 112 to peer 0x138008000 (69 bytes)
1729155868.155317 sending message 112 to peer 0x138008000 (12 bytes)
1729155868.155321 sending message 112 to peer 0x138008000 (10 bytes)
1729155868.155325 sending message 112 to peer 0x138008000 (10 bytes)
1729155868.155328 sending message 112 to peer 0x138008000 (24 bytes)
1729155868.155332 sending message 112 to peer 0x138008000 (13 bytes)
1729155868.155337 sending message 112 to peer 0x138008000 (10 bytes)
1729155868.155343 sending message 112 to peer 0x138008000 (10 bytes)
1729155868.155347 sending message 112 to peer 0x138008000 (10 bytes)
1729155868.155353 sending message 112 to peer 0x138008000 (13 bytes)
1729155868.155357 sending message 112 to peer 0x138008000 (15 bytes)
1729155868.155361 sending message 112 to peer 0x138008000 (5 bytes)
1729155868.155367 sending message 104 to peer 0x138008000 (0 bytes)
1729155868.155374 sending message 110 to peer 0x138008000 (0 bytes)
1729155868.155378 sending message 107 to peer 0x138008000 (4 bytes)
1729155868.155382 sending message 105 to peer 0x138008000 (40 bytes)
1729155868.155385 sending message 105 to peer 0x138008000 (57 bytes)
1729155868.155388 sending message 105 to peer 0x138008000 (14 bytes)
1729155868.155392 sending message 105 to peer 0x138008000 (20 bytes)
1729155868.155395 sending message 105 to peer 0x138008000 (66 bytes)
1729155868.155399 sending message 105 to peer 0x138008000 (19 bytes)
1729155868.155402 sending message 105 to peer 0x138008000 (28 bytes)
1729155868.155406 sending message 105 to peer 0x138008000 (25 bytes)
1729155868.155409 sending message 105 to peer 0x138008000 (53 bytes)
1729155868.155413 sending message 105 to peer 0x138008000 (15 bytes)
1729155868.155416 sending message 105 to peer 0x138008000 (29 bytes)
1729155868.155420 sending message 105 to peer 0x138008000 (25 bytes)
1729155868.155423 sending message 105 to peer 0x138008000 (22 bytes)
1729155868.155426 sending message 105 to peer 0x138008000 (372 bytes)
1729155868.155430 sending message 105 to peer 0x138008000 (8 bytes)
1729155868.155433 sending message 105 to peer 0x138008000 (65 bytes)
1729155868.155437 sending message 105 to peer 0x138008000 (31 bytes)
1729155868.155440 sending message 105 to peer 0x138008000 (42 bytes)
1729155868.155443 sending message 105 to peer 0x138008000 (24 bytes)
1729155868.155447 sending message 105 to peer 0x138008000 (11 bytes)
1729155868.155450 sending message 105 to peer 0x138008000 (8 bytes)
1729155868.155462 sending message 105 to peer 0x138008000 (32 bytes)
1729155868.155466 sending message 105 to peer 0x138008000 (96 bytes)
1729155868.155469 sending message 105 to peer 0x138008000 (34 bytes)
1729155868.155473 sending message 105 to peer 0x138008000 (37 bytes)
1729155868.155476 sending message 105 to peer 0x138008000 (16 bytes)
1729155868.155480 sending message 105 to peer 0x138008000 (64 bytes)
1729155868.155483 sending message 105 to peer 0x138008000 (73 bytes)
1729155868.155486 sending message 105 to peer 0x138008000 (20 bytes)
1729155868.155490 sending message 105 to peer 0x138008000 (12 bytes)
1729155868.155493 sending message 105 to peer 0x138008000 (38 bytes)
1729155868.155496 sending message 105 to peer 0x138008000 (45 bytes)
1729155868.155500 sending message 105 to peer 0x138008000 (16 bytes)
1729155868.155503 sending message 105 to peer 0x138008000 (69 bytes)
1729155868.155506 sending message 105 to peer 0x138008000 (64 bytes)
1729155868.155510 sending message 105 to peer 0x138008000 (19 bytes)
1729155868.155513 sending message 105 to peer 0x138008000 (17 bytes)
1729155868.155516 sending message 105 to peer 0x138008000 (15 bytes)
1729155868.155520 sending message 105 to peer 0x138008000 (25 bytes)
1729155868.155523 sending message 106 to peer 0x138008000 (0 bytes)
1729155868.155583 sending message 200 to peer 0x138008000 (4 bytes)
1729155868.155588 client loop enter
1729155868.162102 peer 0x138008000 message 207
1729155868.162140 sending message 208 to peer 0x138008000 (0 bytes)
1729155893.513079 peer 0x138008000 message 203
1729155893.513108 sending message 205 to peer 0x138008000 (0 bytes)
1729155893.513977 peer 0x138008000 message 204
1729155893.513992 client loop exit
